[debug] [2023-04-24T23:25:38.610Z] ----------------------------------------------------------------------
[debug] [2023-04-24T23:25:38.613Z] Command:       /usr/bin/node /usr/bin/firebase deploy
[debug] [2023-04-24T23:25:38.613Z] CLI Version:   11.28.0
[debug] [2023-04-24T23:25:38.614Z] Platform:      linux
[debug] [2023-04-24T23:25:38.614Z] Node Version:  v18.16.0
[debug] [2023-04-24T23:25:38.615Z] Time:          Tue Apr 25 2023 01:25:38 GMT+0200 (Eastern European Standard Time)
[debug] [2023-04-24T23:25:38.615Z] ----------------------------------------------------------------------
[debug] 
[debug] [2023-04-24T23:25:38.728Z] > command requires scopes: ["email","openid","https://www.googleapis.com/auth/cloudplatformprojects.readonly","https://www.googleapis.com/auth/firebase","https://www.googleapis.com/auth/cloud-platform"]
[debug] [2023-04-24T23:25:38.728Z] > authorizing via signed-in user (ahmedkhaled4d@gmail.com)
[debug] [2023-04-24T23:25:38.729Z] [iam] checking project empoweromics-dev for permissions ["firebase.projects.get","firebasehosting.sites.update"]
[debug] [2023-04-24T23:25:38.732Z] >>> [apiv2][query] POST https://cloudresourcemanager.googleapis.com/v1/projects/empoweromics-dev:testIamPermissions [none]
[debug] [2023-04-24T23:25:38.732Z] >>> [apiv2][(partial)header] POST https://cloudresourcemanager.googleapis.com/v1/projects/empoweromics-dev:testIamPermissions x-goog-quota-user=projects/empoweromics-dev
[debug] [2023-04-24T23:25:38.732Z] >>> [apiv2][body] POST https://cloudresourcemanager.googleapis.com/v1/projects/empoweromics-dev:testIamPermissions {"permissions":["firebase.projects.get","firebasehosting.sites.update"]}
[debug] [2023-04-24T23:25:39.630Z] <<< [apiv2][status] POST https://cloudresourcemanager.googleapis.com/v1/projects/empoweromics-dev:testIamPermissions 200
[debug] [2023-04-24T23:25:39.631Z] <<< [apiv2][body] POST https://cloudresourcemanager.googleapis.com/v1/projects/empoweromics-dev:testIamPermissions {"permissions":["firebase.projects.get","firebasehosting.sites.update"]}
[debug] [2023-04-24T23:25:39.633Z] >>> [apiv2][query] GET https://firebase.googleapis.com/v1beta1/projects/empoweromics-dev [none]
[debug] [2023-04-24T23:25:40.013Z] <<< [apiv2][status] GET https://firebase.googleapis.com/v1beta1/projects/empoweromics-dev 200
[debug] [2023-04-24T23:25:40.013Z] <<< [apiv2][body] GET https://firebase.googleapis.com/v1beta1/projects/empoweromics-dev {"projectId":"empoweromics-dev","projectNumber":"127286142109","displayName":"empoweromics","name":"projects/empoweromics-dev","resources":{"hostingSite":"empoweromics-dev"},"state":"ACTIVE","etag":"1_8d86e0dc-78bf-44b7-a5b1-c5dd057670c3"}
[info] 
[info] === Deploying to 'empoweromics-dev'...
[info] 
[info] i  deploying hosting 
[debug] [2023-04-24T23:25:40.026Z] >>> [apiv2][query] POST https://firebasehosting.googleapis.com/v1beta1/projects/-/sites/empoweromics-dev/versions [none]
[debug] [2023-04-24T23:25:40.026Z] >>> [apiv2][body] POST https://firebasehosting.googleapis.com/v1beta1/projects/-/sites/empoweromics-dev/versions {"status":"CREATED","labels":{"deployment-tool":"cli-firebase"}}
[debug] [2023-04-24T23:25:41.261Z] <<< [apiv2][status] POST https://firebasehosting.googleapis.com/v1beta1/projects/-/sites/empoweromics-dev/versions 200
[debug] [2023-04-24T23:25:41.261Z] <<< [apiv2][body] POST https://firebasehosting.googleapis.com/v1beta1/projects/-/sites/empoweromics-dev/versions {"name":"projects/127286142109/sites/empoweromics-dev/versions/38012385fcef2b50","status":"CREATED","config":{},"labels":{"deployment-tool":"cli-firebase"}}
[info] i  hosting[empoweromics-dev]: beginning deploy... 
[info] i  hosting[empoweromics-dev]: found 113 files in build 
[debug] [2023-04-24T23:25:41.308Z] [hosting] uploading with 200 concurrency
[debug] [2023-04-24T23:25:42.540Z] [hosting] hash cache [YnVpbGQ] stored for 113 files
[debug] [2023-04-24T23:25:42.540Z] [hosting][hash queue][FINAL] {"max":1112,"min":28,"avg":66.16814159292035,"active":0,"complete":113,"success":113,"errored":0,"retried":0,"total":113,"elapsed":1227}
[debug] [2023-04-24T23:25:42.541Z] >>> [apiv2][query] POST https://firebasehosting.googleapis.com/v1beta1/projects/127286142109/sites/empoweromics-dev/versions/38012385fcef2b50:populateFiles [none]
[debug] [2023-04-24T23:25:42.541Z] >>> [apiv2][body] POST https://firebasehosting.googleapis.com/v1beta1/projects/127286142109/sites/empoweromics-dev/versions/38012385fcef2b50:populateFiles {"files":{"/_redirects":"b93f63324c1c9fa8d087fe11034eb6d8e1520a4b1a88afc44e324c8e38214163","/asset-manifest.json":"490dae15e204fd398561a6adedc06cb1223ca3ea1c56cf1361954d3431c0d29a","/favicon.ico":"eaf01fd83bdb3f86c8d9018cc5875dc632369269ee7c60e91778b9e47a56843a","/manifest.json":"e24fd1f67de02a0e2e2002d0e7fd537dc8aaf29e8f4e2882d075b90de477f102","/index.html":"370cd725c7ad9f4ed04832e74cbe2c1d6241e6568db999da4a3b80284ebefa3b","/robots.txt":"2544ca049f223a42bff01f72ad930a5edba75bbb7199d0f8430a02ff5aca16ec","/static/css/354.2fc097f7.chunk.css.map":"7e23492dd8a01c53dafdc45dc10cb3041db4f52419d480a355ad7143a0ae98b5","/logo.png":"eaf01fd83bdb3f86c8d9018cc5875dc632369269ee7c60e91778b9e47a56843a","/static/css/354.2fc097f7.chunk.css":"cabfab79681563cec3fcae37a8fcb3a79b52e5f3bfeadfe17302b19762aa9f52","/static/css/597.f41f70df.chunk.css":"6c84e3b048305be6c947ad2bccfe7de510252824b4f8328848e6eeb9ae809d5a","/static/css/597.f41f70df.chunk.css.map":"ba3aeca3523f0fb11cacb7f586662d7e88b4db79fe6b4fd9165c3ee21b087659","/static/css/699.ec6309f7.chunk.css":"725ed614f6b039a5575995d05b976566573a555e8a18afe73c16ec3718369964","/static/css/699.ec6309f7.chunk.css.map":"d069e89526fdf5faf125bb4d239c0a27a7909c4b7a79055942359e18781d691b","/static/css/main.b266a5fd.css":"6d3d5bca7989cd11ffde59de5f4871fecaa7df5545ca45bf9773f0ea80b01eef","/static/images/avatars/1.jpg":"be356b593b21b86d3d2a2b9b55a33b250c8717ac232c3a1f06f64625eb5670a2","/static/css/main.b266a5fd.css.map":"775d633cfd8988853f9d68c97ad3be59cc1c288a4861f53771ca5ccd3baf8466","/static/images/avatars/10.jpg":"8bf437bc5b14b93e0b610a1466c47c90ce67eb89af7d8c1154eac00e9615d57d","/static/images/avatars/2.jpg":"af1a28672109bfbfe4ca9ac7c6fed24414a1fb34cb7a8c19040e590df7eb0adf","/static/images/avatars/4.jpg":"d2189f20b914b1cfcbc74e853d309568f925e55a55cbdbd7658f324a9068e432","/static/images/avatars/5.jpg":"a777155e77079aa8449d5fa55823b1dc027220457c660b60bbb1931655376f24","/static/images/developers/5b856fc7.jpeg":"e3e9cc06c5a5e621806ef468005ca89362e4dd5a46a55de1fd4a615961b55015","/static/images/developers/3ac2bdf5.jpeg":"41ccf69b24a238afb7eb9f7ec8ec37cea8b2b5aec70019a8189932650b8759ce","/static/images/developers/5ced0591.jpeg":"69ad02912e48c8cb2ff10f17f5ad4b17c160e38113e01a81fc2da4e6d78cbaad","/static/images/developers/77961aac.jpeg":"ecb18ae2c65703a254e3c2010211b8130030515784d4347e644b907bea467ea8","/static/images/developers/86764b4d.jpeg":"6e43acf8802f6e15d0701ddae54e6149c0fb7eddefd99701b213d5a5225abd0f","/static/images/developers/84a20c19.jpeg":"ea39b6f4febc5faf93dbec7e1411769885a815f7110a271f2e51e911bc085568","/static/images/developers/b25df652.jpeg":"df654668f7e4dae757e6a2c981be916dd6056692ef477bcd81e6f074b7f01bb1","/static/images/developers/a581bc53.jpeg":"900964dcab75dcbcf25e1425ca1a24bf199117d1e21345cb5cc4748ff79667ad","/static/images/developers/e12f087f.jpeg":"e6b296be5ccb66d05cdc03469bf33ad978f78c8b92e7cffbe0ae451f25cf4d82","/static/images/logo/google.svg":"3fa351fab473dc45c558276a611782fd855499555f44a5d01331adfcd74d9d1f","/static/images/developers/deaf0266.jpeg":"a8d0268b8253eaa79dd2905bdbf639460a6ace02cefe578f4622db5aad67a20e","/static/images/developers/fd685284.jpeg":"b71c80fc3177e0b5b38f4f200b94862d24504d5021586a2e2bed16ff46ea0587","/static/images/logo/logo.png":"eaf01fd83bdb3f86c8d9018cc5875dc632369269ee7c60e91778b9e47a56843a","/static/images/developers/ed4cecc8.jpeg":"5e7fd45790a1c220c0e68648b9afd72b912f8e1fcf49526ca687775bd3b4eba5","/static/images/placeholders/logo/bitcoin.png":"f98de61fcfe9662cb6e414f0216fdb4cfd5921a17cc1d19b97624765f29c804c","/static/images/placeholders/logo/cardano.png":"f6472728d17f1660d3fb6cdf9bca1347214dd76e0735f3d2c644e698ddf76675","/static/images/overview/logo.png":"eaf01fd83bdb3f86c8d9018cc5875dc632369269ee7c60e91778b9e47a56843a","/static/images/placeholders/logo/ethereum.png":"1ec1935dfd4bf8b10abdb70874625bfe4d32419d01338770a8c4b9ae8b655e01","/static/images/placeholders/logo/google-logo.jpg":"9ee48b6795f9302cf850157b58c369cb6f64d2dada8d07e5f41ac78b5ae2d33f","/static/images/placeholders/logo/mastercard.png":"cc83e6e894391da2b88af043883267d78d2936f43af19a142c43cd4dd8c8b027","/static/images/placeholders/logo/ripple.png":"c16b122cee84389d0eef592218b253295f17dd905397991eb5a48439e31d665d","/static/images/placeholders/logo/visa.png":"778be2404fd6f722a2a94ae7b1484b22c56f1d5bed3eb78a7bb8f09060131804","/static/images/status/404.svg":"9c981765ac7f2f3b574015e536f63a96fa6d59cbc383c0d9fbe87a8d393da7b6","/static/js/181.f83927e4.chunk.js":"69b1d67ba6adebfa4cb73d8c587bbe855f6decc8282c8caff5892d2b0eea5c02","/static/js/207.26b673ce.chunk.js":"b96ab76ab289bc123a5b19bfc4bfabd41a77a1aa4aae94cb43096ee1bf954276","/static/images/status/maintenance.svg":"5065dfd8b3e51f1ea91ff38a118d78fb0d38bacbe5735794f20e37e9b9873e96","/static/images/status/coming-soon.svg":"c31780ef415ee15a4806ac1bc2d22c3f086c99d68e55a4fce7458df3da348df6","/static/images/status/500.svg":"c13f3de7e8c6d264e13b68cb03362d24e9fcf011a4ab7c35545213aadeed5a70","/static/js/225.43429c79.chunk.js.LICENSE.txt":"eb7d9476bc697c5ed4f56ef2330fa0972d32de25568f152852e950368e6de331","/static/js/237.a2e1c7ea.chunk.js":"c1ceb0bb8d22755041d8c10f526245b5b6ef56d45fb5026475281976f8e316a0","/static/js/207.26b673ce.chunk.js.map":"15290138a392d9c2f7640170e0c647f4e5554fd7dd0ad8c117290efecde4b4f1","/static/js/283.5e040eaa.chunk.js":"99c33960260b1ec3c59c6fb93fb7d05ff325ecf9ea11c6b23864e7e779290fa4","/static/js/34.29c07154.chunk.js":"8a8830a7158ed351d4472fc5043e2876f30b20d6e6d3b5d47ebdeae75f9e4225","/static/js/283.5e040eaa.chunk.js.map":"e7c773273b70b7e0c19bbb3fe908136622f100b2a28e76cb8eec6d75874027b3","/static/js/354.f86a8dd7.chunk.js":"3980cebbd4bbab1248d699170920c65e74bd74fffaafad4869509d74769a268b","/static/js/354.f86a8dd7.chunk.js.map":"3a013180b7031966976be3c3a414631e7f8777e996ff3cecce328ab1fef77d72","/static/js/410.efd00516.chunk.js":"6377a9c2d608373a668974ed16913c2f1629b9703eb7b6ae0a4750600f770652","/static/js/428.25791db5.chunk.js":"2883f1a530f78b51878df8dcd65b81c130da23129541c1c8435dc96e3d00c5a8","/static/js/430.e62b3936.chunk.js":"7ef03b6e2ebf683ca28d23a1f76fb74b74ce3b37100cf117c9c9c1b5fc551c44","/static/js/410.efd00516.chunk.js.map":"396fb6825501617bcbe87db7ca36a625fca20da8a1e583ce4b3581a9b46ac96f","/static/js/428.25791db5.chunk.js.map":"15a2a416e59ee338dccd53355d2099a249131a95de424a15aa6118a9b054975e","/static/js/457.2f7dcbe5.chunk.js":"1dfdbfa4f9e8a3109a0e8aae22e2228cae8ee1302ec341a9fab53fa1bcd78ce9","/static/js/469.ddf8874e.chunk.js":"9917352c9a00a9385552c1ce9c0ba24ada163292aa4cf2a726c340b1498fa604","/static/js/430.e62b3936.chunk.js.map":"a89b021cfe91dfbaa59b08feda77c8b1ad3bdef454c244684106569ee646d45c","/static/js/181.f83927e4.chunk.js.map":"b2027d6d84fc0cc425cda24de01267ced7a183ad5758be766066bd7154043752","/static/js/517.8c683f69.chunk.js":"45ff2c5ff21347f37ba7fb7746524b74b48f6217190e698c53e7f83b8de221e8","/static/js/469.ddf8874e.chunk.js.map":"da32d4e16ec9b34c4beb2c7f275a8c44e36e7ba05b2cbf4b88031f9d3f545fe7","/static/js/530.c650d11f.chunk.js":"cc89ae35983a05bc2e0843f71916fd673f3502924bf9ab2722b84990700e6a9d","/static/js/550.f662a4ce.chunk.js":"9de823f10a20a5490dfb82189c06384a8ccdf2aa81ee101ecffce70ff101101b","/static/js/550.f662a4ce.chunk.js.map":"1de8b3b30271bf06971da7e242f8ac0a592ce7ee6f89fabd3fc5c88fa5ba2f77","/static/js/646.bd75b47a.chunk.js":"e4c6ab3cb8b4166af5b5b70dad02b43214f144595fd09814dbf641b81f6f48b4","/static/js/597.6af6f127.chunk.js":"47d2c62670ce4cc6ab5b75f285312fbac6a32e0762254c9f7d54e57d8b3f9d8c","/static/js/682.27039021.chunk.js":"b499c869484bda13a53311071fef0f1b3aadc88358585fc04a141c09976dfbfe","/static/js/682.27039021.chunk.js.map":"e916aa6f3b4b83ed05fe74841d4717f7d2ef9a220ca695d923caf3a3b3c16abe","/static/js/646.bd75b47a.chunk.js.map":"fc1b893b034095b36b19120f8ce2b192b5811d38ea049a63e3b0986b60c495d7","/static/js/721.eb52c240.chunk.js":"e293b958f8de58c7ff9aac9637070b2485cc30c724c5c1ad67f185a5638ea5b7","/static/js/825.e5da6a73.chunk.js":"e50f8a0d4d0bb97a2a091f5035b48b2bc6ad17f31cfeaed9dfdb9c2f4594f587","/static/js/830.e05fd291.chunk.js.LICENSE.txt":"41494552d73b6674748671350735e21e7b24d7e2cddffc58c63ecf15de78d8e3","/static/js/830.e05fd291.chunk.js":"b1b498179c86ab61403d0db5216fb62690142503ad272de1c29e4f76672baf88","/static/js/721.eb52c240.chunk.js.map":"f1e1e151271c4c3c5170b37b83d7cdd6ba4f62aa52b535949db3dbaed1f84a5e","/static/js/825.e5da6a73.chunk.js.map":"88649bda692b9fac515879a46b4eb2307b577a3a885884c732c1db6717e6a915","/static/images/placeholders/covers/5.jpg":"494e48f6297809cd98e244d381d961d50c3b229e59e58e1a9e49077feb6cb5df","/static/js/517.8c683f69.chunk.js.map":"0c4edc23be1269056f80f2058c6a6450170014435845547a668a88b2f9392a8a","/static/js/846.09efd10f.chunk.js":"7e106810fd38638959117e17dfdb52141d4c9375dc4dedb2b9ed635008c7193a","/static/js/846.09efd10f.chunk.js.map":"67fbf483f01e78f2d4126ef017df01b66be6886f84015f679e91373927462acc","/static/js/244.6265ec1f.chunk.js":"254a7d7d170a1cc699c5d384660cef9a447e2cecd595ff73911d92f042a86407","/static/js/530.c650d11f.chunk.js.map":"5fb878bbba0d9186a5e767a06c757f196e1a785c64895906b71210ef272e7c4e","/static/js/457.2f7dcbe5.chunk.js.map":"00201553ebcd4b2ae4e2f42bb1f39e300535cd65a67cbca91eb3c4e05cbc1316","/static/js/699.2f7c676b.chunk.js.map":"93b19f02881d3f513079eb11dd11f3fb5bc47c4b710e43dce0c3bb66b9ab1680","/static/js/856.b463fcc7.chunk.js":"a1098b384668584af8bc530087bef36c89dd5d01339ad43b183fa45b2fdc0cc2","/static/js/597.6af6f127.chunk.js.map":"e5199bca61b1ba2362ecfeaba0684377b235db1ad826478caa27f58c26d743ab","/static/js/830.e05fd291.chunk.js.map":"284f62911b2855c541a8204443482b3442aaef127307f59d7ada76b1e288f3c5","/static/js/856.b463fcc7.chunk.js.LICENSE.txt":"0979a1ebecfbec82d3f806bdde7c72b63765b346bd2e853ecad3b645d31dba9e","/static/js/34.29c07154.chunk.js.map":"29154d20e7b847964fc6c2c9fbedc6f2098be780a049bffcc0ebcc79f64f1e72","/static/js/889.658ccd06.chunk.js":"3bb334c5c5fcb5c0751b5d5e5178aa29d49107833ed76c27bf8d971cf3dbac49","/static/js/889.658ccd06.chunk.js.map":"22de999ee72167d1ff34cbc28a447bb2994272590dd75ecaf328612879cb8179","/static/js/95.964ed944.chunk.js":"d6b1d4dd790d57e519168ca13bc888a19370c1e266e072d32738e1e675413b71","/static/js/944.3205ed51.chunk.js":"61a400904453e3ddbf26c372aaf2ae35a2166e4eabf6a6bad2cccec8df7c023a","/static/js/963.b7e72485.chunk.js":"f0f99c4ea187a3e290660e11e06f5835f19e2f35792a522d70f105e767153aed","/static/js/963.b7e72485.chunk.js.map":"984bf21f265bd52c0440d0bcfe4cea08f38876a4179a64a87b5b049652d9c4e8","/static/js/964.91663b08.chunk.js":"c77425e0705e6a90a08cb91fa411c81b3f487b9f82fe3f5646c694fdf1d3cd14","/static/js/944.3205ed51.chunk.js.map":"11e7434a98edb335b593d58c48ed9743b79c49636601bfc2fcb40a86d3e40be1","/static/js/95.964ed944.chunk.js.map":"8d7a3a89281eb6da5381dccd157dce877292cc223e6f11fdee8c7450e911c99b","/static/js/main.056dfeac.js.LICENSE.txt":"0e6bb228de69e67e9c4f1d14875038a3ad7576478d2ebd6c4581da21a0dbec75","/static/js/964.91663b08.chunk.js.map":"5c87a50ad13b6dbc817169535afef20eb01e3a3a649b745619c17e40ebc5d124","/static/js/225.43429c79.chunk.js":"2c41097909b3b60e8f96cc316958d111b10ccb0e312cd2f90f69a98e74fe3c50","/static/js/237.a2e1c7ea.chunk.js.map":"14ebb09d614798b9dc9fbddddae8b13533a5db6df1e3c468777df72beafd4202","/static/js/856.b463fcc7.chunk.js.map":"428e436bf47ac0e8d8f136d8abe2e3bddcde4f4bca62da6f1b1b1108139434e9","/static/js/244.6265ec1f.chunk.js.map":"4da2144c9ecb2275ced893ac1ed67bb3dd86a471081af080f83e42fc427c48e8","/static/js/225.43429c79.chunk.js.map":"4767110b952738e68fd2c6c435fb8a409a5006fb8b98e66a24118a2861b60b29","/static/js/main.056dfeac.js":"b83efeb9b270e852a9c8e5630e6ce521496492d9f87a9c9d8c5453453199adad","/static/js/699.2f7c676b.chunk.js":"03213f4c3a92ae60ef55e107a6748c12567966c881d7ae36792872269f139e2b","/static/js/main.056dfeac.js.map":"9bcbd2bd978afe7fde5f92ad6282e08ec26611111ae867b10de1113e56612c73"}}
[debug] [2023-04-24T23:25:43.747Z] <<< [apiv2][status] POST https://firebasehosting.googleapis.com/v1beta1/projects/127286142109/sites/empoweromics-dev/versions/38012385fcef2b50:populateFiles 200
[debug] [2023-04-24T23:25:43.747Z] <<< [apiv2][body] POST https://firebasehosting.googleapis.com/v1beta1/projects/127286142109/sites/empoweromics-dev/versions/38012385fcef2b50:populateFiles {"uploadRequiredHashes":["370cd725c7ad9f4ed04832e74cbe2c1d6241e6568db999da4a3b80284ebefa3b","490dae15e204fd398561a6adedc06cb1223ca3ea1c56cf1361954d3431c0d29a","3a013180b7031966976be3c3a414631e7f8777e996ff3cecce328ab1fef77d72","93b19f02881d3f513079eb11dd11f3fb5bc47c4b710e43dce0c3bb66b9ab1680","b83efeb9b270e852a9c8e5630e6ce521496492d9f87a9c9d8c5453453199adad","2883f1a530f78b51878df8dcd65b81c130da23129541c1c8435dc96e3d00c5a8","5c87a50ad13b6dbc817169535afef20eb01e3a3a649b745619c17e40ebc5d124","c77425e0705e6a90a08cb91fa411c81b3f487b9f82fe3f5646c694fdf1d3cd14","15a2a416e59ee338dccd53355d2099a249131a95de424a15aa6118a9b054975e","b499c869484bda13a53311071fef0f1b3aadc88358585fc04a141c09976dfbfe","e5199bca61b1ba2362ecfeaba0684377b235db1ad826478caa27f58c26d743ab","47d2c62670ce4cc6ab5b75f285312fbac6a32e0762254c9f7d54e57d8b3f9d8c","f0f99c4ea187a3e290660e11e06f5835f19e2f35792a522d70f105e767153aed","03213f4c3a92ae60ef55e107a6748c12567966c881d7ae36792872269f139e2b","e916aa6f3b4b83ed05fe74841d4717f7d2ef9a220ca695d923caf3a3b3c16abe","9bcbd2bd978afe7fde5f92ad6282e08ec26611111ae867b10de1113e56612c73","3980cebbd4bbab1248d699170920c65e74bd74fffaafad4869509d74769a268b","984bf21f265bd52c0440d0bcfe4cea08f38876a4179a64a87b5b049652d9c4e8"],"uploadUrl":"https://upload-firebasehosting.googleapis.com/upload/sites/empoweromics-dev/versions/38012385fcef2b50/files"}
[debug] [2023-04-24T23:25:43.754Z] >>> [apiv2][query] POST https://upload-firebasehosting.googleapis.com/upload/sites/empoweromics-dev/versions/38012385fcef2b50/files/370cd725c7ad9f4ed04832e74cbe2c1d6241e6568db999da4a3b80284ebefa3b [none]
[debug] [2023-04-24T23:25:43.754Z] >>> [apiv2][body] POST https://upload-firebasehosting.googleapis.com/upload/sites/empoweromics-dev/versions/38012385fcef2b50/files/370cd725c7ad9f4ed04832e74cbe2c1d6241e6568db999da4a3b80284ebefa3b [stream]
[debug] [2023-04-24T23:25:43.757Z] >>> [apiv2][query] POST https://upload-firebasehosting.googleapis.com/upload/sites/empoweromics-dev/versions/38012385fcef2b50/files/490dae15e204fd398561a6adedc06cb1223ca3ea1c56cf1361954d3431c0d29a [none]
[debug] [2023-04-24T23:25:43.757Z] >>> [apiv2][body] POST https://upload-firebasehosting.googleapis.com/upload/sites/empoweromics-dev/versions/38012385fcef2b50/files/490dae15e204fd398561a6adedc06cb1223ca3ea1c56cf1361954d3431c0d29a [stream]
[debug] [2023-04-24T23:25:43.760Z] >>> [apiv2][query] POST https://upload-firebasehosting.googleapis.com/upload/sites/empoweromics-dev/versions/38012385fcef2b50/files/3a013180b7031966976be3c3a414631e7f8777e996ff3cecce328ab1fef77d72 [none]
[debug] [2023-04-24T23:25:43.760Z] >>> [apiv2][body] POST https://upload-firebasehosting.googleapis.com/upload/sites/empoweromics-dev/versions/38012385fcef2b50/files/3a013180b7031966976be3c3a414631e7f8777e996ff3cecce328ab1fef77d72 [stream]
[debug] [2023-04-24T23:25:43.762Z] >>> [apiv2][query] POST https://upload-firebasehosting.googleapis.com/upload/sites/empoweromics-dev/versions/38012385fcef2b50/files/93b19f02881d3f513079eb11dd11f3fb5bc47c4b710e43dce0c3bb66b9ab1680 [none]
[debug] [2023-04-24T23:25:43.762Z] >>> [apiv2][body] POST https://upload-firebasehosting.googleapis.com/upload/sites/empoweromics-dev/versions/38012385fcef2b50/files/93b19f02881d3f513079eb11dd11f3fb5bc47c4b710e43dce0c3bb66b9ab1680 [stream]
[debug] [2023-04-24T23:25:43.764Z] >>> [apiv2][query] POST https://upload-firebasehosting.googleapis.com/upload/sites/empoweromics-dev/versions/38012385fcef2b50/files/b83efeb9b270e852a9c8e5630e6ce521496492d9f87a9c9d8c5453453199adad [none]
[debug] [2023-04-24T23:25:43.765Z] >>> [apiv2][body] POST https://upload-firebasehosting.googleapis.com/upload/sites/empoweromics-dev/versions/38012385fcef2b50/files/b83efeb9b270e852a9c8e5630e6ce521496492d9f87a9c9d8c5453453199adad [stream]
[debug] [2023-04-24T23:25:43.767Z] >>> [apiv2][query] POST https://upload-firebasehosting.googleapis.com/upload/sites/empoweromics-dev/versions/38012385fcef2b50/files/2883f1a530f78b51878df8dcd65b81c130da23129541c1c8435dc96e3d00c5a8 [none]
[debug] [2023-04-24T23:25:43.767Z] >>> [apiv2][body] POST https://upload-firebasehosting.googleapis.com/upload/sites/empoweromics-dev/versions/38012385fcef2b50/files/2883f1a530f78b51878df8dcd65b81c130da23129541c1c8435dc96e3d00c5a8 [stream]
[debug] [2023-04-24T23:25:43.770Z] >>> [apiv2][query] POST https://upload-firebasehosting.googleapis.com/upload/sites/empoweromics-dev/versions/38012385fcef2b50/files/5c87a50ad13b6dbc817169535afef20eb01e3a3a649b745619c17e40ebc5d124 [none]
[debug] [2023-04-24T23:25:43.770Z] >>> [apiv2][body] POST https://upload-firebasehosting.googleapis.com/upload/sites/empoweromics-dev/versions/38012385fcef2b50/files/5c87a50ad13b6dbc817169535afef20eb01e3a3a649b745619c17e40ebc5d124 [stream]
[debug] [2023-04-24T23:25:43.772Z] >>> [apiv2][query] POST https://upload-firebasehosting.googleapis.com/upload/sites/empoweromics-dev/versions/38012385fcef2b50/files/c77425e0705e6a90a08cb91fa411c81b3f487b9f82fe3f5646c694fdf1d3cd14 [none]
[debug] [2023-04-24T23:25:43.773Z] >>> [apiv2][body] POST https://upload-firebasehosting.googleapis.com/upload/sites/empoweromics-dev/versions/38012385fcef2b50/files/c77425e0705e6a90a08cb91fa411c81b3f487b9f82fe3f5646c694fdf1d3cd14 [stream]
[debug] [2023-04-24T23:25:43.775Z] >>> [apiv2][query] POST https://upload-firebasehosting.googleapis.com/upload/sites/empoweromics-dev/versions/38012385fcef2b50/files/15a2a416e59ee338dccd53355d2099a249131a95de424a15aa6118a9b054975e [none]
[debug] [2023-04-24T23:25:43.775Z] >>> [apiv2][body] POST https://upload-firebasehosting.googleapis.com/upload/sites/empoweromics-dev/versions/38012385fcef2b50/files/15a2a416e59ee338dccd53355d2099a249131a95de424a15aa6118a9b054975e [stream]
[debug] [2023-04-24T23:25:43.778Z] >>> [apiv2][query] POST https://upload-firebasehosting.googleapis.com/upload/sites/empoweromics-dev/versions/38012385fcef2b50/files/b499c869484bda13a53311071fef0f1b3aadc88358585fc04a141c09976dfbfe [none]
[debug] [2023-04-24T23:25:43.778Z] >>> [apiv2][body] POST https://upload-firebasehosting.googleapis.com/upload/sites/empoweromics-dev/versions/38012385fcef2b50/files/b499c869484bda13a53311071fef0f1b3aadc88358585fc04a141c09976dfbfe [stream]
[debug] [2023-04-24T23:25:43.780Z] >>> [apiv2][query] POST https://upload-firebasehosting.googleapis.com/upload/sites/empoweromics-dev/versions/38012385fcef2b50/files/e5199bca61b1ba2362ecfeaba0684377b235db1ad826478caa27f58c26d743ab [none]
[debug] [2023-04-24T23:25:43.780Z] >>> [apiv2][body] POST https://upload-firebasehosting.googleapis.com/upload/sites/empoweromics-dev/versions/38012385fcef2b50/files/e5199bca61b1ba2362ecfeaba0684377b235db1ad826478caa27f58c26d743ab [stream]
[debug] [2023-04-24T23:25:43.783Z] >>> [apiv2][query] POST https://upload-firebasehosting.googleapis.com/upload/sites/empoweromics-dev/versions/38012385fcef2b50/files/47d2c62670ce4cc6ab5b75f285312fbac6a32e0762254c9f7d54e57d8b3f9d8c [none]
[debug] [2023-04-24T23:25:43.783Z] >>> [apiv2][body] POST https://upload-firebasehosting.googleapis.com/upload/sites/empoweromics-dev/versions/38012385fcef2b50/files/47d2c62670ce4cc6ab5b75f285312fbac6a32e0762254c9f7d54e57d8b3f9d8c [stream]
[debug] [2023-04-24T23:25:43.785Z] >>> [apiv2][query] POST https://upload-firebasehosting.googleapis.com/upload/sites/empoweromics-dev/versions/38012385fcef2b50/files/f0f99c4ea187a3e290660e11e06f5835f19e2f35792a522d70f105e767153aed [none]
[debug] [2023-04-24T23:25:43.785Z] >>> [apiv2][body] POST https://upload-firebasehosting.googleapis.com/upload/sites/empoweromics-dev/versions/38012385fcef2b50/files/f0f99c4ea187a3e290660e11e06f5835f19e2f35792a522d70f105e767153aed [stream]
[debug] [2023-04-24T23:25:43.787Z] >>> [apiv2][query] POST https://upload-firebasehosting.googleapis.com/upload/sites/empoweromics-dev/versions/38012385fcef2b50/files/03213f4c3a92ae60ef55e107a6748c12567966c881d7ae36792872269f139e2b [none]
[debug] [2023-04-24T23:25:43.787Z] >>> [apiv2][body] POST https://upload-firebasehosting.googleapis.com/upload/sites/empoweromics-dev/versions/38012385fcef2b50/files/03213f4c3a92ae60ef55e107a6748c12567966c881d7ae36792872269f139e2b [stream]
[debug] [2023-04-24T23:25:43.789Z] >>> [apiv2][query] POST https://upload-firebasehosting.googleapis.com/upload/sites/empoweromics-dev/versions/38012385fcef2b50/files/e916aa6f3b4b83ed05fe74841d4717f7d2ef9a220ca695d923caf3a3b3c16abe [none]
[debug] [2023-04-24T23:25:43.789Z] >>> [apiv2][body] POST https://upload-firebasehosting.googleapis.com/upload/sites/empoweromics-dev/versions/38012385fcef2b50/files/e916aa6f3b4b83ed05fe74841d4717f7d2ef9a220ca695d923caf3a3b3c16abe [stream]
[debug] [2023-04-24T23:25:43.791Z] >>> [apiv2][query] POST https://upload-firebasehosting.googleapis.com/upload/sites/empoweromics-dev/versions/38012385fcef2b50/files/9bcbd2bd978afe7fde5f92ad6282e08ec26611111ae867b10de1113e56612c73 [none]
[debug] [2023-04-24T23:25:43.792Z] >>> [apiv2][body] POST https://upload-firebasehosting.googleapis.com/upload/sites/empoweromics-dev/versions/38012385fcef2b50/files/9bcbd2bd978afe7fde5f92ad6282e08ec26611111ae867b10de1113e56612c73 [stream]
[debug] [2023-04-24T23:25:43.794Z] >>> [apiv2][query] POST https://upload-firebasehosting.googleapis.com/upload/sites/empoweromics-dev/versions/38012385fcef2b50/files/3980cebbd4bbab1248d699170920c65e74bd74fffaafad4869509d74769a268b [none]
[debug] [2023-04-24T23:25:43.794Z] >>> [apiv2][body] POST https://upload-firebasehosting.googleapis.com/upload/sites/empoweromics-dev/versions/38012385fcef2b50/files/3980cebbd4bbab1248d699170920c65e74bd74fffaafad4869509d74769a268b [stream]
[debug] [2023-04-24T23:25:43.796Z] >>> [apiv2][query] POST https://upload-firebasehosting.googleapis.com/upload/sites/empoweromics-dev/versions/38012385fcef2b50/files/984bf21f265bd52c0440d0bcfe4cea08f38876a4179a64a87b5b049652d9c4e8 [none]
[debug] [2023-04-24T23:25:43.796Z] >>> [apiv2][body] POST https://upload-firebasehosting.googleapis.com/upload/sites/empoweromics-dev/versions/38012385fcef2b50/files/984bf21f265bd52c0440d0bcfe4cea08f38876a4179a64a87b5b049652d9c4e8 [stream]
[debug] [2023-04-24T23:25:43.798Z] [hosting][populate queue][FINAL] {"max":1216,"min":1216,"avg":1216,"active":0,"complete":1,"success":1,"errored":0,"retried":0,"total":1,"elapsed":1260}
[debug] [2023-04-24T23:25:43.799Z] [hosting] uploads queued: 18
[debug] [2023-04-24T23:25:45.147Z] <<< [apiv2][status] POST https://upload-firebasehosting.googleapis.com/upload/sites/empoweromics-dev/versions/38012385fcef2b50/files/c77425e0705e6a90a08cb91fa411c81b3f487b9f82fe3f5646c694fdf1d3cd14 200
[debug] [2023-04-24T23:25:45.147Z] <<< [apiv2][body] POST https://upload-firebasehosting.googleapis.com/upload/sites/empoweromics-dev/versions/38012385fcef2b50/files/c77425e0705e6a90a08cb91fa411c81b3f487b9f82fe3f5646c694fdf1d3cd14 [stream]
[debug] [2023-04-24T23:25:45.224Z] <<< [apiv2][status] POST https://upload-firebasehosting.googleapis.com/upload/sites/empoweromics-dev/versions/38012385fcef2b50/files/e916aa6f3b4b83ed05fe74841d4717f7d2ef9a220ca695d923caf3a3b3c16abe 200
[debug] [2023-04-24T23:25:45.225Z] <<< [apiv2][body] POST https://upload-firebasehosting.googleapis.com/upload/sites/empoweromics-dev/versions/38012385fcef2b50/files/e916aa6f3b4b83ed05fe74841d4717f7d2ef9a220ca695d923caf3a3b3c16abe [stream]
[debug] [2023-04-24T23:25:45.244Z] <<< [apiv2][status] POST https://upload-firebasehosting.googleapis.com/upload/sites/empoweromics-dev/versions/38012385fcef2b50/files/2883f1a530f78b51878df8dcd65b81c130da23129541c1c8435dc96e3d00c5a8 200
[debug] [2023-04-24T23:25:45.244Z] <<< [apiv2][body] POST https://upload-firebasehosting.googleapis.com/upload/sites/empoweromics-dev/versions/38012385fcef2b50/files/2883f1a530f78b51878df8dcd65b81c130da23129541c1c8435dc96e3d00c5a8 [stream]
[debug] [2023-04-24T23:25:45.364Z] <<< [apiv2][status] POST https://upload-firebasehosting.googleapis.com/upload/sites/empoweromics-dev/versions/38012385fcef2b50/files/93b19f02881d3f513079eb11dd11f3fb5bc47c4b710e43dce0c3bb66b9ab1680 200
[debug] [2023-04-24T23:25:45.364Z] <<< [apiv2][body] POST https://upload-firebasehosting.googleapis.com/upload/sites/empoweromics-dev/versions/38012385fcef2b50/files/93b19f02881d3f513079eb11dd11f3fb5bc47c4b710e43dce0c3bb66b9ab1680 [stream]
[debug] [2023-04-24T23:25:45.370Z] <<< [apiv2][status] POST https://upload-firebasehosting.googleapis.com/upload/sites/empoweromics-dev/versions/38012385fcef2b50/files/15a2a416e59ee338dccd53355d2099a249131a95de424a15aa6118a9b054975e 200
[debug] [2023-04-24T23:25:45.371Z] <<< [apiv2][body] POST https://upload-firebasehosting.googleapis.com/upload/sites/empoweromics-dev/versions/38012385fcef2b50/files/15a2a416e59ee338dccd53355d2099a249131a95de424a15aa6118a9b054975e [stream]
[debug] [2023-04-24T23:25:45.565Z] <<< [apiv2][status] POST https://upload-firebasehosting.googleapis.com/upload/sites/empoweromics-dev/versions/38012385fcef2b50/files/f0f99c4ea187a3e290660e11e06f5835f19e2f35792a522d70f105e767153aed 200
[debug] [2023-04-24T23:25:45.565Z] <<< [apiv2][body] POST https://upload-firebasehosting.googleapis.com/upload/sites/empoweromics-dev/versions/38012385fcef2b50/files/f0f99c4ea187a3e290660e11e06f5835f19e2f35792a522d70f105e767153aed [stream]
[debug] [2023-04-24T23:25:45.714Z] <<< [apiv2][status] POST https://upload-firebasehosting.googleapis.com/upload/sites/empoweromics-dev/versions/38012385fcef2b50/files/984bf21f265bd52c0440d0bcfe4cea08f38876a4179a64a87b5b049652d9c4e8 200
[debug] [2023-04-24T23:25:45.714Z] <<< [apiv2][body] POST https://upload-firebasehosting.googleapis.com/upload/sites/empoweromics-dev/versions/38012385fcef2b50/files/984bf21f265bd52c0440d0bcfe4cea08f38876a4179a64a87b5b049652d9c4e8 [stream]
[debug] [2023-04-24T23:25:45.785Z] <<< [apiv2][status] POST https://upload-firebasehosting.googleapis.com/upload/sites/empoweromics-dev/versions/38012385fcef2b50/files/3980cebbd4bbab1248d699170920c65e74bd74fffaafad4869509d74769a268b 200
[debug] [2023-04-24T23:25:45.785Z] <<< [apiv2][body] POST https://upload-firebasehosting.googleapis.com/upload/sites/empoweromics-dev/versions/38012385fcef2b50/files/3980cebbd4bbab1248d699170920c65e74bd74fffaafad4869509d74769a268b [stream]
[debug] [2023-04-24T23:25:45.797Z] <<< [apiv2][status] POST https://upload-firebasehosting.googleapis.com/upload/sites/empoweromics-dev/versions/38012385fcef2b50/files/370cd725c7ad9f4ed04832e74cbe2c1d6241e6568db999da4a3b80284ebefa3b 200
[debug] [2023-04-24T23:25:45.798Z] <<< [apiv2][body] POST https://upload-firebasehosting.googleapis.com/upload/sites/empoweromics-dev/versions/38012385fcef2b50/files/370cd725c7ad9f4ed04832e74cbe2c1d6241e6568db999da4a3b80284ebefa3b [stream]
[debug] [2023-04-24T23:25:45.799Z] <<< [apiv2][status] POST https://upload-firebasehosting.googleapis.com/upload/sites/empoweromics-dev/versions/38012385fcef2b50/files/5c87a50ad13b6dbc817169535afef20eb01e3a3a649b745619c17e40ebc5d124 200
[debug] [2023-04-24T23:25:45.799Z] <<< [apiv2][body] POST https://upload-firebasehosting.googleapis.com/upload/sites/empoweromics-dev/versions/38012385fcef2b50/files/5c87a50ad13b6dbc817169535afef20eb01e3a3a649b745619c17e40ebc5d124 [stream]
[debug] [2023-04-24T23:25:45.864Z] <<< [apiv2][status] POST https://upload-firebasehosting.googleapis.com/upload/sites/empoweromics-dev/versions/38012385fcef2b50/files/47d2c62670ce4cc6ab5b75f285312fbac6a32e0762254c9f7d54e57d8b3f9d8c 200
[debug] [2023-04-24T23:25:45.864Z] <<< [apiv2][body] POST https://upload-firebasehosting.googleapis.com/upload/sites/empoweromics-dev/versions/38012385fcef2b50/files/47d2c62670ce4cc6ab5b75f285312fbac6a32e0762254c9f7d54e57d8b3f9d8c [stream]
[debug] [2023-04-24T23:25:45.870Z] <<< [apiv2][status] POST https://upload-firebasehosting.googleapis.com/upload/sites/empoweromics-dev/versions/38012385fcef2b50/files/490dae15e204fd398561a6adedc06cb1223ca3ea1c56cf1361954d3431c0d29a 200
[debug] [2023-04-24T23:25:45.870Z] <<< [apiv2][body] POST https://upload-firebasehosting.googleapis.com/upload/sites/empoweromics-dev/versions/38012385fcef2b50/files/490dae15e204fd398561a6adedc06cb1223ca3ea1c56cf1361954d3431c0d29a [stream]
[debug] [2023-04-24T23:25:46.252Z] <<< [apiv2][status] POST https://upload-firebasehosting.googleapis.com/upload/sites/empoweromics-dev/versions/38012385fcef2b50/files/3a013180b7031966976be3c3a414631e7f8777e996ff3cecce328ab1fef77d72 200
[debug] [2023-04-24T23:25:46.253Z] <<< [apiv2][body] POST https://upload-firebasehosting.googleapis.com/upload/sites/empoweromics-dev/versions/38012385fcef2b50/files/3a013180b7031966976be3c3a414631e7f8777e996ff3cecce328ab1fef77d72 [stream]
[debug] [2023-04-24T23:25:46.725Z] <<< [apiv2][status] POST https://upload-firebasehosting.googleapis.com/upload/sites/empoweromics-dev/versions/38012385fcef2b50/files/e5199bca61b1ba2362ecfeaba0684377b235db1ad826478caa27f58c26d743ab 200
[debug] [2023-04-24T23:25:46.725Z] <<< [apiv2][body] POST https://upload-firebasehosting.googleapis.com/upload/sites/empoweromics-dev/versions/38012385fcef2b50/files/e5199bca61b1ba2362ecfeaba0684377b235db1ad826478caa27f58c26d743ab [stream]
[debug] [2023-04-24T23:25:46.813Z] <<< [apiv2][status] POST https://upload-firebasehosting.googleapis.com/upload/sites/empoweromics-dev/versions/38012385fcef2b50/files/b499c869484bda13a53311071fef0f1b3aadc88358585fc04a141c09976dfbfe 200
[debug] [2023-04-24T23:25:46.813Z] <<< [apiv2][body] POST https://upload-firebasehosting.googleapis.com/upload/sites/empoweromics-dev/versions/38012385fcef2b50/files/b499c869484bda13a53311071fef0f1b3aadc88358585fc04a141c09976dfbfe [stream]
[debug] [2023-04-24T23:25:47.997Z] <<< [apiv2][status] POST https://upload-firebasehosting.googleapis.com/upload/sites/empoweromics-dev/versions/38012385fcef2b50/files/b83efeb9b270e852a9c8e5630e6ce521496492d9f87a9c9d8c5453453199adad 200
[debug] [2023-04-24T23:25:47.997Z] <<< [apiv2][body] POST https://upload-firebasehosting.googleapis.com/upload/sites/empoweromics-dev/versions/38012385fcef2b50/files/b83efeb9b270e852a9c8e5630e6ce521496492d9f87a9c9d8c5453453199adad [stream]
[debug] [2023-04-24T23:25:49.558Z] <<< [apiv2][status] POST https://upload-firebasehosting.googleapis.com/upload/sites/empoweromics-dev/versions/38012385fcef2b50/files/03213f4c3a92ae60ef55e107a6748c12567966c881d7ae36792872269f139e2b 200
[debug] [2023-04-24T23:25:49.559Z] <<< [apiv2][body] POST https://upload-firebasehosting.googleapis.com/upload/sites/empoweromics-dev/versions/38012385fcef2b50/files/03213f4c3a92ae60ef55e107a6748c12567966c881d7ae36792872269f139e2b [stream]
[debug] [2023-04-24T23:25:52.360Z] <<< [apiv2][status] POST https://upload-firebasehosting.googleapis.com/upload/sites/empoweromics-dev/versions/38012385fcef2b50/files/9bcbd2bd978afe7fde5f92ad6282e08ec26611111ae867b10de1113e56612c73 200
[debug] [2023-04-24T23:25:52.360Z] <<< [apiv2][body] POST https://upload-firebasehosting.googleapis.com/upload/sites/empoweromics-dev/versions/38012385fcef2b50/files/9bcbd2bd978afe7fde5f92ad6282e08ec26611111ae867b10de1113e56612c73 [stream]
[debug] [2023-04-24T23:25:52.360Z] [hosting][upload queue][FINAL] {"max":8607,"min":1397,"avg":2718.8888888888887,"active":0,"complete":18,"success":18,"errored":0,"retried":0,"total":18,"elapsed":8612}
[info] ✔  hosting[empoweromics-dev]: file upload complete 
[debug] [2023-04-24T23:25:52.362Z] [hosting] deploy completed after 11097ms
[debug] [2023-04-24T23:25:52.366Z] [
  {
    "config": {
      "public": "build",
      "ignore": [
        "firebase.json",
        "**/.*",
        "**/node_modules/**"
      ],
      "rewrites": [
        {
          "source": "**",
          "destination": "/index.html"
        }
      ],
      "site": "empoweromics-dev"
    },
    "version": "projects/127286142109/sites/empoweromics-dev/versions/38012385fcef2b50"
  }
]
[info] i  hosting[empoweromics-dev]: finalizing version... 
[debug] [2023-04-24T23:25:52.370Z] >>> [apiv2][query] PATCH https://firebasehosting.googleapis.com/v1beta1/projects/-/sites/empoweromics-dev/versions/38012385fcef2b50 updateMask=status%2Cconfig
[debug] [2023-04-24T23:25:52.371Z] >>> [apiv2][body] PATCH https://firebasehosting.googleapis.com/v1beta1/projects/-/sites/empoweromics-dev/versions/38012385fcef2b50 {"status":"FINALIZED","config":{"rewrites":[{"glob":"**","path":"/index.html"}]}}
[debug] [2023-04-24T23:25:53.472Z] <<< [apiv2][status] PATCH https://firebasehosting.googleapis.com/v1beta1/projects/-/sites/empoweromics-dev/versions/38012385fcef2b50 200
[debug] [2023-04-24T23:25:53.472Z] <<< [apiv2][body] PATCH https://firebasehosting.googleapis.com/v1beta1/projects/-/sites/empoweromics-dev/versions/38012385fcef2b50 {"name":"projects/127286142109/sites/empoweromics-dev/versions/38012385fcef2b50","status":"FINALIZED","config":{"rewrites":[{"glob":"**","path":"/index.html"}]},"labels":{"deployment-tool":"cli-firebase"},"createTime":"2023-04-24T23:25:40.893036Z","createUser":{"email":"ahmedkhaled4d@gmail.com"},"finalizeTime":"2023-04-24T23:25:53.360253Z","finalizeUser":{"email":"ahmedkhaled4d@gmail.com"}}
[debug] [2023-04-24T23:25:53.473Z] [hosting] finalized version for empoweromics-dev:[object Object]
[info] ✔  hosting[empoweromics-dev]: version finalized 
[info] i  hosting[empoweromics-dev]: releasing new version... 
[debug] [2023-04-24T23:25:53.474Z] >>> [apiv2][query] POST https://firebasehosting.googleapis.com/v1beta1/projects/-/sites/empoweromics-dev/channels/live/releases versionName=projects%2F127286142109%2Fsites%2Fempoweromics-dev%2Fversions%2F38012385fcef2b50
[debug] [2023-04-24T23:25:53.474Z] >>> [apiv2][body] POST https://firebasehosting.googleapis.com/v1beta1/projects/-/sites/empoweromics-dev/channels/live/releases {}
[debug] [2023-04-24T23:25:54.535Z] <<< [apiv2][status] POST https://firebasehosting.googleapis.com/v1beta1/projects/-/sites/empoweromics-dev/channels/live/releases 200
[debug] [2023-04-24T23:25:54.535Z] <<< [apiv2][body] POST https://firebasehosting.googleapis.com/v1beta1/projects/-/sites/empoweromics-dev/channels/live/releases {"name":"projects/127286142109/sites/empoweromics-dev/channels/live/releases/1682378753817000","version":{"name":"projects/127286142109/sites/empoweromics-dev/versions/38012385fcef2b50","status":"FINALIZED","config":{"rewrites":[{"glob":"**","path":"/index.html"}]},"labels":{"deployment-tool":"cli-firebase"},"createTime":"2023-04-24T23:25:40.893036Z","createUser":{"email":"ahmedkhaled4d@gmail.com","imageUrl":"https://lh3.googleusercontent.com/a/AGNmyxZe8H51YUfSzKkPenon7Aqae7_r9PXPI5_er4Rnpg"},"finalizeTime":"2023-04-24T23:25:53.360253Z","finalizeUser":{"email":"ahmedkhaled4d@gmail.com","imageUrl":"https://lh3.googleusercontent.com/a/AGNmyxZe8H51YUfSzKkPenon7Aqae7_r9PXPI5_er4Rnpg"}},"type":"DEPLOY","releaseTime":"2023-04-24T23:25:53.817Z","releaseUser":{"email":"ahmedkhaled4d@gmail.com","imageUrl":"https://lh3.googleusercontent.com/a/AGNmyxZe8H51YUfSzKkPenon7Aqae7_r9PXPI5_er4Rnpg"}}
[debug] [2023-04-24T23:25:54.535Z] [hosting] release: {"name":"projects/127286142109/sites/empoweromics-dev/channels/live/releases/1682378753817000","version":{"name":"projects/127286142109/sites/empoweromics-dev/versions/38012385fcef2b50","status":"FINALIZED","config":{"rewrites":[{"glob":"**","path":"/index.html"}]},"labels":{"deployment-tool":"cli-firebase"},"createTime":"2023-04-24T23:25:40.893036Z","createUser":{"email":"ahmedkhaled4d@gmail.com","imageUrl":"https://lh3.googleusercontent.com/a/AGNmyxZe8H51YUfSzKkPenon7Aqae7_r9PXPI5_er4Rnpg"},"finalizeTime":"2023-04-24T23:25:53.360253Z","finalizeUser":{"email":"ahmedkhaled4d@gmail.com","imageUrl":"https://lh3.googleusercontent.com/a/AGNmyxZe8H51YUfSzKkPenon7Aqae7_r9PXPI5_er4Rnpg"}},"type":"DEPLOY","releaseTime":"2023-04-24T23:25:53.817Z","releaseUser":{"email":"ahmedkhaled4d@gmail.com","imageUrl":"https://lh3.googleusercontent.com/a/AGNmyxZe8H51YUfSzKkPenon7Aqae7_r9PXPI5_er4Rnpg"}}
[info] ✔  hosting[empoweromics-dev]: release complete 
